SF:/home/bench/Documents/rust/planetarylander/rocket/src/hardware/sensors/altimeter.rs
FN:31,_RNvMNtNtNtCs29KGwD3gn1I_10agc_rocket8hardware7sensors9altimeterNtB2_14__AltimeterData5__poll
FNDA:0,_RNvMNtNtNtCs29KGwD3gn1I_10agc_rocket8hardware7sensors9altimeterNtB2_14__AltimeterData5__poll
FNF:1
FNH:0
DA:31,0
DA:34,0
DA:36,0
DA:37,0
DA:38,0
DA:39,0
DA:40,0
DA:41,0
DA:42,0
DA:43,0
DA:44,0
DA:45,0
DA:48,0
DA:49,0
DA:50,0
DA:51,0
DA:52,0
DA:53,0
DA:54,0
DA:55,0
DA:56,0
DA:57,0
DA:60,0
DA:61,0
DA:62,0
DA:63,0
DA:66,0
DA:69,0
BRF:0
BRH:0
LF:28
LH:0
end_of_record
SF:/home/bench/Documents/rust/planetarylander/rocket/src/main.rs
FN:7,_RNvCs29KGwD3gn1I_10agc_rocket4main
FNDA:0,_RNvCs29KGwD3gn1I_10agc_rocket4main
FNF:1
FNH:0
DA:7,0
DA:8,0
DA:9,0
BRF:0
BRH:0
LF:3
LH:0
end_of_record